<?xml version="1.0" encoding="UTF-8"?>
<!-- Generated by org.testng.reporters.JUnitReportReporter -->
<testsuite hostname="DESKTOP-N2CIL4O" failures="0" tests="2" name="tests.SauceDemoLoginTest" time="3.646" errors="0" timestamp="2022-01-24T20:16:13 CST" skipped="0">
  <testcase classname="tests.SauceDemoLoginTest" name="inventoryTest" time="2.302"/>
  <system-out/>
  <testcase classname="tests.SauceDemoLoginTest" name="loginPageTest" time="1.344"/>
  <system-out/>
</testsuite> <!-- tests.SauceDemoLoginTest -->
